This file contains any messages produced by compilers while
running configure, to aid debugging if configure makes a mistake.

It was created by slurm configure 15.08, which was
generated by GNU Autoconf 2.69.  Invocation command line was

  $ ./configure --prefix=/usr/local/slurm-select-cr-D/ --sysconfdir=/usr/local/slurm-select-cr-D/etc/ --enable-multiple-slurmd

## --------- ##
## Platform. ##
## --------- ##

hostname = mo66
uname -m = x86_64
uname -r = 2.6.32-431.20.3.el6.x86_64
uname -s = Linux
uname -v = #1 SMP Fri Jun 6 18:30:54 EDT 2014

/usr/bin/uname -p = unknown
/bin/uname -X     = unknown

/bin/arch              = x86_64
/usr/bin/arch -k       = unknown
/usr/convex/getsysinfo = unknown
/usr/bin/hostinfo      = unknown
/bin/machine           = unknown
/usr/bin/oslevel       = unknown
/bin/universe          = unknown

PATH: /usr/lib64/qt-3.3/bin
PATH: /usr/local/bin
PATH: /bin
PATH: /usr/bin
PATH: /usr/local/sbin
PATH: /usr/sbin
PATH: /sbin
PATH: /home_nfs/rajagopald/bin
PATH: /usr/local/slurm-select-cr-debug


## ----------- ##
## Core tests. ##
## ----------- ##

configure:2769: checking build system type
configure:2783: result: x86_64-unknown-linux-gnu
configure:2803: checking host system type
configure:2816: result: x86_64-unknown-linux-gnu
configure:2836: checking target system type
configure:2849: result: x86_64-unknown-linux-gnu
configure:3042: checking for a BSD-compatible install
configure:3110: result: /usr/bin/install -c
configure:3121: checking whether build environment is sane
configure:3176: result: yes
configure:3327: checking for a thread-safe mkdir -p
configure:3366: result: /bin/mkdir -p
configure:3373: checking for gawk
configure:3389: found /bin/gawk
configure:3400: result: gawk
configure:3411: checking whether make sets $(MAKE)
configure:3433: result: yes
configure:3462: checking whether make supports nested variables
configure:3479: result: yes
configure:3597: checking whether to enable maintainer-specific portions of Makefiles
configure:3606: result: no
configure:3627: checking whether to include rpath in build
configure:3643: result: yes
configure:3658: checking for style of include used by make
configure:3686: result: GNU
configure:3757: checking for gcc
configure:3787: result: no
configure:3850: checking for cc
configure:3897: result: no
configure:3953: checking for cl.exe
configure:3983: result: no
configure:4007: error: in `/home_nfs/rajagopald/M2R-Internship/slurm':
configure:4009: error: no acceptable C compiler found in $PATH
See `config.log' for more details

## ---------------- ##
## Cache variables. ##
## ---------------- ##

ac_cv_build=x86_64-unknown-linux-gnu
ac_cv_env_CCC_set=
ac_cv_env_CCC_value=
ac_cv_env_CC_set=
ac_cv_env_CC_value=
ac_cv_env_CFLAGS_set=
ac_cv_env_CFLAGS_value=
ac_cv_env_CHECK_CFLAGS_set=
ac_cv_env_CHECK_CFLAGS_value=
ac_cv_env_CHECK_LIBS_set=
ac_cv_env_CHECK_LIBS_value=
ac_cv_env_CPPFLAGS_set=
ac_cv_env_CPPFLAGS_value=
ac_cv_env_CPP_set=
ac_cv_env_CPP_value=
ac_cv_env_CXXCPP_set=
ac_cv_env_CXXCPP_value=
ac_cv_env_CXXFLAGS_set=
ac_cv_env_CXXFLAGS_value=
ac_cv_env_CXX_set=
ac_cv_env_CXX_value=
ac_cv_env_LDFLAGS_set=
ac_cv_env_LDFLAGS_value=
ac_cv_env_LIBS_set=
ac_cv_env_LIBS_value=
ac_cv_env_PKG_CONFIG_LIBDIR_set=
ac_cv_env_PKG_CONFIG_LIBDIR_value=
ac_cv_env_PKG_CONFIG_PATH_set=
ac_cv_env_PKG_CONFIG_PATH_value=
ac_cv_env_PKG_CONFIG_set=
ac_cv_env_PKG_CONFIG_value=
ac_cv_env_build_alias_set=
ac_cv_env_build_alias_value=
ac_cv_env_host_alias_set=
ac_cv_env_host_alias_value=
ac_cv_env_lua_CFLAGS_set=
ac_cv_env_lua_CFLAGS_value=
ac_cv_env_lua_LIBS_set=
ac_cv_env_lua_LIBS_value=
ac_cv_env_target_alias_set=
ac_cv_env_target_alias_value=
ac_cv_host=x86_64-unknown-linux-gnu
ac_cv_path_install='/usr/bin/install -c'
ac_cv_path_mkdir=/bin/mkdir
ac_cv_prog_AWK=gawk
ac_cv_prog_make_make_set=yes
ac_cv_target=x86_64-unknown-linux-gnu
am_cv_make_support_nested_variables=yes

## ----------------- ##
## Output variables. ##
## ----------------- ##

ACLOCAL='${SHELL} /home_nfs/rajagopald/M2R-Internship/slurm/auxdir/missing aclocal-1.14'
AMDEPBACKSLASH='\'
AMDEP_FALSE='#'
AMDEP_TRUE=''
AMTAR='$${TAR-tar}'
AM_BACKSLASH='\'
AM_DEFAULT_V='$(AM_DEFAULT_VERBOSITY)'
AM_DEFAULT_VERBOSITY='1'
AM_V='$(V)'
AR=''
AUTHD_CFLAGS=''
AUTHD_LIBS=''
AUTOCONF='${SHELL} /home_nfs/rajagopald/M2R-Internship/slurm/auxdir/missing autoconf'
AUTOHEADER='${SHELL} /home_nfs/rajagopald/M2R-Internship/slurm/auxdir/missing autoheader'
AUTOMAKE='${SHELL} /home_nfs/rajagopald/M2R-Internship/slurm/auxdir/missing automake-1.14'
AWK='gawk'
BGL_LOADED=''
BGL_LOADED_FALSE=''
BGL_LOADED_TRUE=''
BGQ_LOADED=''
BGQ_LOADED_FALSE=''
BGQ_LOADED_TRUE=''
BG_INCLUDES=''
BG_LDFLAGS=''
BG_L_P_LOADED=''
BG_L_P_LOADED_FALSE=''
BG_L_P_LOADED_TRUE=''
BLCR_CPPFLAGS=''
BLCR_HOME=''
BLCR_LDFLAGS=''
BLCR_LIBS=''
BLUEGENE_LOADED=''
BLUEGENE_LOADED_FALSE=''
BLUEGENE_LOADED_TRUE=''
BUILD_HDF5_FALSE=''
BUILD_HDF5_TRUE=''
BUILD_IPMI_FALSE=''
BUILD_IPMI_TRUE=''
BUILD_OFED_FALSE=''
BUILD_OFED_TRUE=''
BUILD_RRD_FALSE=''
BUILD_RRD_TRUE=''
BUILD_SMAP_FALSE=''
BUILD_SMAP_TRUE=''
BUILD_SVIEW_FALSE=''
BUILD_SVIEW_TRUE=''
CC=''
CCDEPMODE=''
CFLAGS=''
CHECK_CFLAGS=''
CHECK_LIBS=''
CMD_LDFLAGS=''
CPP=''
CPPFLAGS=''
CRAY_JOB_CPPFLAGS=''
CRAY_JOB_LDFLAGS=''
CRAY_SELECT_CPPFLAGS=''
CRAY_SELECT_LDFLAGS=''
CRAY_SWITCH_CPPFLAGS=''
CRAY_SWITCH_LDFLAGS=''
CRAY_TASK_CPPFLAGS=''
CRAY_TASK_LDFLAGS=''
CXX=''
CXXCPP=''
CXXDEPMODE=''
CXXFLAGS=''
CYGPATH_W='echo'
DEBUG_MODULES_FALSE=''
DEBUG_MODULES_TRUE=''
DEFS=''
DEPDIR='.deps'
DLLTOOL=''
DL_LIBS=''
DONT_BUILD_FALSE=''
DONT_BUILD_TRUE='#'
DSYMUTIL=''
DUMPBIN=''
ECHO_C=''
ECHO_N='-n'
ECHO_T=''
EGREP=''
EXEEXT=''
FGREP=''
FREEIPMI_CPPFLAGS=''
FREEIPMI_LDFLAGS=''
FREEIPMI_LIBS=''
GLIB_CFLAGS=''
GLIB_COMPILE_RESOURCES=''
GLIB_GENMARSHAL=''
GLIB_LIBS=''
GLIB_MKENUMS=''
GOBJECT_QUERY=''
GREP=''
GTK_CFLAGS=''
GTK_LIBS=''
H5CC=''
H5FC=''
HAVEMYSQLCONFIG=''
HAVE_AIX=''
HAVE_AIX_FALSE=''
HAVE_AIX_PROCTRACK_FALSE=''
HAVE_AIX_PROCTRACK_TRUE=''
HAVE_AIX_TRUE=''
HAVE_ALPS_CRAY_EMULATION_FALSE=''
HAVE_ALPS_CRAY_EMULATION_TRUE=''
HAVE_ALPS_CRAY_FALSE=''
HAVE_ALPS_CRAY_TRUE=''
HAVE_ALPS_EMULATION_FALSE=''
HAVE_ALPS_EMULATION_TRUE=''
HAVE_CHECK_FALSE=''
HAVE_CHECK_TRUE=''
HAVE_CRAY_NETWORK_FALSE=''
HAVE_CRAY_NETWORK_TRUE=''
HAVE_LUA_FALSE=''
HAVE_LUA_TRUE=''
HAVE_MAN2HTML=''
HAVE_MAN2HTML_FALSE=''
HAVE_MAN2HTML_TRUE=''
HAVE_NATIVE_CRAY_FALSE=''
HAVE_NATIVE_CRAY_TRUE=''
HAVE_NETLOC_FALSE=''
HAVE_NETLOC_TRUE=''
HAVE_NRT=''
HAVE_NRT_FALSE=''
HAVE_NRT_TRUE=''
HAVE_NUMA_FALSE=''
HAVE_NUMA_TRUE=''
HAVE_OPENSSL=''
HAVE_OPENSSL_FALSE=''
HAVE_OPENSSL_TRUE=''
HAVE_PAM_FALSE=''
HAVE_PAM_TRUE=''
HAVE_REAL_CRAY_FALSE=''
HAVE_REAL_CRAY_TRUE=''
HAVE_SCHED_SETAFFINITY_FALSE=''
HAVE_SCHED_SETAFFINITY_TRUE=''
HAVE_SGI_JOB_FALSE=''
HAVE_SGI_JOB_TRUE=''
HAVE_SOME_CURSES=''
HAVE_SOME_CURSES_FALSE=''
HAVE_SOME_CURSES_TRUE=''
HAVE_UNSETENV_FALSE=''
HAVE_UNSETENV_TRUE=''
HDF5_CC=''
HDF5_CFLAGS=''
HDF5_CPPFLAGS=''
HDF5_FC=''
HDF5_FFLAGS=''
HDF5_FLIBS=''
HDF5_LDFLAGS=''
HDF5_LIBS=''
HDF5_VERSION=''
HWLOC_CPPFLAGS=''
HWLOC_LDFLAGS=''
HWLOC_LIBS=''
INSTALL_DATA='${INSTALL} -m 644'
INSTALL_PROGRAM='${INSTALL}'
INSTALL_SCRIPT='${INSTALL}'
INSTALL_STRIP_PROGRAM='$(install_sh) -c -s'
JSON_CPPFLAGS=''
JSON_LDFLAGS=''
LD=''
LDFLAGS=''
LIBOBJS=''
LIBS=''
LIBTOOL=''
LIB_LDFLAGS=''
LIPO=''
LN_S=''
LTLIBOBJS=''
MAINT='#'
MAINTAINER_MODE_FALSE=''
MAINTAINER_MODE_TRUE='#'
MAKEINFO='${SHELL} /home_nfs/rajagopald/M2R-Internship/slurm/auxdir/missing makeinfo'
MANIFEST_TOOL=''
MKDIR_P='/bin/mkdir -p'
MUNGE_CPPFLAGS=''
MUNGE_DIR=''
MUNGE_LDFLAGS=''
MUNGE_LIBS=''
MYSQL_CFLAGS=''
MYSQL_LIBS=''
NCURSES=''
NETLOC_CPPFLAGS=''
NETLOC_LDFLAGS=''
NETLOC_LIBS=''
NM=''
NMEDIT=''
NRT_CPPFLAGS=''
NUMA_LIBS=''
OBJDUMP=''
OBJEXT=''
OFED_CPPFLAGS=''
OFED_LDFLAGS=''
OFED_LIBS=''
OTOOL64=''
OTOOL=''
PACKAGE='slurm'
PACKAGE_BUGREPORT='slurm-dev@schedmd.com'
PACKAGE_NAME='slurm'
PACKAGE_STRING='slurm 15.08'
PACKAGE_TARNAME='slurm'
PACKAGE_URL='http://slurm.schedmd.com'
PACKAGE_VERSION='15.08'
PAM_DIR=''
PAM_LIBS=''
PATH_SEPARATOR=':'
PKG_CONFIG=''
PKG_CONFIG_LIBDIR=''
PKG_CONFIG_PATH=''
PROCTRACKDIR=''
PROJECT='slurm'
PTHREAD_CC=''
PTHREAD_CFLAGS=''
PTHREAD_LIBS=''
RANLIB=''
READLINE_LIBS=''
REAL_BGQ_LOADED=''
REAL_BGQ_LOADED_FALSE=''
REAL_BGQ_LOADED_TRUE=''
REAL_BG_L_P_LOADED=''
REAL_BG_L_P_LOADED_FALSE=''
REAL_BG_L_P_LOADED_TRUE=''
RELEASE='0pre1'
RRDTOOL_CPPFLAGS=''
RRDTOOL_LDFLAGS=''
RRDTOOL_LIBS=''
RUNJOB_LDFLAGS=''
SED=''
SEMAPHORE_LIBS=''
SEMAPHORE_SOURCES=''
SET_MAKE=''
SHELL='/bin/sh'
SLURMCTLD_PORT=''
SLURMCTLD_PORT_COUNT=''
SLURMDBD_PORT=''
SLURMD_PORT=''
SLURM_API_AGE='0'
SLURM_API_CURRENT='29'
SLURM_API_MAJOR='29'
SLURM_API_REVISION='0'
SLURM_API_VERSION='0x1d0000'
SLURM_MAJOR='15'
SLURM_MICRO='0'
SLURM_MINOR='08'
SLURM_PREFIX=''
SLURM_VERSION_NUMBER='0x0f0800'
SLURM_VERSION_STRING='15.08.0-0pre1'
SO_LDFLAGS=''
SSL_CPPFLAGS=''
SSL_LDFLAGS=''
SSL_LIBS=''
STRIP=''
UTIL_LIBS=''
VERSION='15.08'
WITH_AUTHD_FALSE=''
WITH_AUTHD_TRUE=''
WITH_BLCR_FALSE=''
WITH_BLCR_TRUE=''
WITH_CXX_FALSE=''
WITH_CXX_TRUE=''
WITH_CYGWIN_FALSE=''
WITH_CYGWIN_TRUE=''
WITH_GNU_LD_FALSE=''
WITH_GNU_LD_TRUE=''
WITH_JSON_PARSER_FALSE=''
WITH_JSON_PARSER_TRUE=''
WITH_MUNGE_FALSE=''
WITH_MUNGE_TRUE=''
WITH_MYSQL_FALSE=''
WITH_MYSQL_TRUE=''
ac_ct_AR=''
ac_ct_CC=''
ac_ct_CXX=''
ac_ct_DUMPBIN=''
ac_have_man2html=''
am__EXEEXT_FALSE=''
am__EXEEXT_TRUE=''
am__fastdepCC_FALSE=''
am__fastdepCC_TRUE=''
am__fastdepCXX_FALSE=''
am__fastdepCXX_TRUE=''
am__include='include'
am__isrc=''
am__leading_dot='.'
am__nodep='_no'
am__quote=''
am__tar='$${TAR-tar} chof - "$$tardir"'
am__untar='$${TAR-tar} xf -'
ax_pthread_config=''
bindir='${exec_prefix}/bin'
build='x86_64-unknown-linux-gnu'
build_alias=''
build_cpu='x86_64'
build_os='linux-gnu'
build_vendor='unknown'
datadir='${datarootdir}'
datarootdir='${prefix}/share'
docdir='${datarootdir}/doc/${PACKAGE_TARNAME}'
dvidir='${docdir}'
exec_prefix='NONE'
host='x86_64-unknown-linux-gnu'
host_alias=''
host_cpu='x86_64'
host_os='linux-gnu'
host_vendor='unknown'
htmldir='${docdir}'
includedir='${prefix}/include'
infodir='${datarootdir}/info'
install_sh='${SHELL} /home_nfs/rajagopald/M2R-Internship/slurm/auxdir/install-sh'
libdir='${exec_prefix}/lib'
libexecdir='${exec_prefix}/libexec'
localedir='${datarootdir}/locale'
localstatedir='${prefix}/var'
lua_CFLAGS=''
lua_LIBS=''
mandir='${datarootdir}/man'
mkdir_p='$(MKDIR_P)'
oldincludedir='/usr/include'
pdfdir='${docdir}'
prefix='/usr/local/slurm-select-cr-D'
program_transform_name='s,x,x,'
psdir='${docdir}'
sbindir='${exec_prefix}/sbin'
sharedstatedir='${prefix}/com'
sysconfdir='/usr/local/slurm-select-cr-D/etc'
target='x86_64-unknown-linux-gnu'
target_alias=''
target_cpu='x86_64'
target_os='linux-gnu'
target_vendor='unknown'

## ----------- ##
## confdefs.h. ##
## ----------- ##

/* confdefs.h */
#define PACKAGE_NAME "slurm"
#define PACKAGE_TARNAME "slurm"
#define PACKAGE_VERSION "15.08"
#define PACKAGE_STRING "slurm 15.08"
#define PACKAGE_BUGREPORT "slurm-dev@schedmd.com"
#define PACKAGE_URL "http://slurm.schedmd.com"
#define GPL_LICENSED 1
#define PROJECT "slurm"
#define SLURM_API_VERSION 0x1d0000
#define SLURM_API_CURRENT 29
#define SLURM_API_MAJOR 29
#define SLURM_API_AGE 0
#define SLURM_API_REVISION 0
#define VERSION "15.08.0"
#define SLURM_VERSION_NUMBER 0x0f0800
#define SLURM_MAJOR "15"
#define SLURM_MINOR "08"
#define SLURM_MICRO "0"
#define RELEASE "0pre1"
#define SLURM_VERSION_STRING "15.08.0-0pre1"

configure: exit 1
