This is pdfTeX, Version 3.1415926-2.5-1.40.14 (TeX Live 2013/Debian) (format=pdflatex 2015.3.15)  17 APR 2015 01:03
entering extended mode
 restricted \write18 enabled.
 %&-line parsing enabled.
**ijcai11.tex
(./ijcai11.tex
LaTeX2e <2011/06/27>
Babel <3.9h> and hyphenation patterns for 4 languages loaded.
IJCAI-11 Instructions for Authors
(/usr/share/texlive/texmf-dist/tex/latex/base/article.cls
Document Class: article 2007/10/19 v1.4h Standard LaTeX document class
(/usr/share/texlive/texmf-dist/tex/latex/base/size10.clo
File: size10.clo 2007/10/19 v1.4h Standard LaTeX file (size option)
)
\c@part=\count79
\c@section=\count80
\c@subsection=\count81
\c@subsubsection=\count82
\c@paragraph=\count83
\c@subparagraph=\count84
\c@figure=\count85
\c@table=\count86
\abovecaptionskip=\skip41
\belowcaptionskip=\skip42
\bibindent=\dimen102
)
(/usr/share/texlive/texmf-dist/tex/latex/graphics/graphicx.sty
Package: graphicx 1999/02/16 v1.0f Enhanced LaTeX Graphics (DPC,SPQR)

(/usr/share/texlive/texmf-dist/tex/latex/graphics/keyval.sty
Package: keyval 1999/03/16 v1.13 key=value parser (DPC)
\KV@toks@=\toks14
)
(/usr/share/texlive/texmf-dist/tex/latex/graphics/graphics.sty
Package: graphics 2009/02/05 v1.0o Standard LaTeX Graphics (DPC,SPQR)

(/usr/share/texlive/texmf-dist/tex/latex/graphics/trig.sty
Package: trig 1999/03/16 v1.09 sin cos tan (DPC)
)
(/usr/share/texlive/texmf-dist/tex/latex/latexconfig/graphics.cfg
File: graphics.cfg 2010/04/23 v1.9 graphics configuration of TeX Live
)
Package graphics Info: Driver file: pdftex.def on input line 91.

(/usr/share/texlive/texmf-dist/tex/latex/pdftex-def/pdftex.def
File: pdftex.def 2011/05/27 v0.06d Graphics/color for pdfTeX

(/usr/share/texlive/texmf-dist/tex/generic/oberdiek/infwarerr.sty
Package: infwarerr 2010/04/08 v1.3 Providing info/warning/error messages (HO)
)
(/usr/share/texlive/texmf-dist/tex/generic/oberdiek/ltxcmds.sty
Package: ltxcmds 2011/11/09 v1.22 LaTeX kernel commands for general use (HO)
)
\Gread@gobject=\count87
))
\Gin@req@height=\dimen103
\Gin@req@width=\dimen104
)
(./ijcai11.sty
Conference Style, version of 6 September 1995 (revised Nov 2010)
\titlebox=\skip43
Named Citation Style, version of 30 November 1994
) (/usr/share/texlive/texmf-dist/tex/latex/float/float.sty
Package: float 2001/11/08 v1.3d Float enhancements (AL)
\c@float@type=\count88
\float@exts=\toks15
\float@box=\box26
\@float@everytoks=\toks16
\@floatcapt=\box27
)
\@float@every@figure=\toks17

(/usr/share/texlive/texmf-dist/tex/latex/psnfss/times.sty
Package: times 2005/04/12 PSNFSS-v9.2a (SPQR) 
) (build/ijcai11.aux)
\openout1 = `ijcai11.aux'.

LaTeX Font Info:    Checking defaults for OML/cmm/m/it on input line 52.
LaTeX Font Info:    ... okay on input line 52.
LaTeX Font Info:    Checking defaults for T1/cmr/m/n on input line 52.
LaTeX Font Info:    ... okay on input line 52.
LaTeX Font Info:    Checking defaults for OT1/cmr/m/n on input line 52.
LaTeX Font Info:    ... okay on input line 52.
LaTeX Font Info:    Checking defaults for OMS/cmsy/m/n on input line 52.
LaTeX Font Info:    ... okay on input line 52.
LaTeX Font Info:    Checking defaults for OMX/cmex/m/n on input line 52.
LaTeX Font Info:    ... okay on input line 52.
LaTeX Font Info:    Checking defaults for U/cmr/m/n on input line 52.
LaTeX Font Info:    ... okay on input line 52.
LaTeX Font Info:    Try loading font information for OT1+ptm on input line 52.

(/usr/share/texlive/texmf-dist/tex/latex/psnfss/ot1ptm.fd
File: ot1ptm.fd 2001/06/04 font definitions for OT1/ptm.
)
(/usr/share/texlive/texmf-dist/tex/context/base/supp-pdf.mkii
[Loading MPS to PDF converter (version 2006.09.02).]
\scratchcounter=\count89
\scratchdimen=\dimen105
\scratchbox=\box28
\nofMPsegments=\count90
\nofMParguments=\count91
\everyMPshowfont=\toks18
\MPscratchCnt=\count92
\MPscratchDim=\dimen106
\MPnumerator=\count93
\makeMPintoPDFobject=\count94
\everyMPtoPDFconversion=\toks19
) (/usr/share/texlive/texmf-dist/tex/generic/oberdiek/pdftexcmds.sty
Package: pdftexcmds 2011/11/29 v0.20 Utility functions of pdfTeX for LuaTeX (HO
)

(/usr/share/texlive/texmf-dist/tex/generic/oberdiek/ifluatex.sty
Package: ifluatex 2010/03/01 v1.3 Provides the ifluatex switch (HO)
Package ifluatex Info: LuaTeX not detected.
)
(/usr/share/texlive/texmf-dist/tex/generic/oberdiek/ifpdf.sty
Package: ifpdf 2011/01/30 v2.3 Provides the ifpdf switch (HO)
Package ifpdf Info: pdfTeX in PDF mode is detected.
)
Package pdftexcmds Info: LuaTeX not detected.
Package pdftexcmds Info: \pdf@primitive is available.
Package pdftexcmds Info: \pdf@ifprimitive is available.
Package pdftexcmds Info: \pdfdraftmode found.
)
(/usr/share/texlive/texmf-dist/tex/latex/oberdiek/epstopdf-base.sty
Package: epstopdf-base 2010/02/09 v2.5 Base part for package epstopdf

(/usr/share/texlive/texmf-dist/tex/latex/oberdiek/grfext.sty
Package: grfext 2010/08/19 v1.1 Manage graphics extensions (HO)

(/usr/share/texlive/texmf-dist/tex/generic/oberdiek/kvdefinekeys.sty
Package: kvdefinekeys 2011/04/07 v1.3 Define keys (HO)
))
(/usr/share/texlive/texmf-dist/tex/latex/oberdiek/kvoptions.sty
Package: kvoptions 2011/06/30 v3.11 Key value format for package options (HO)

(/usr/share/texlive/texmf-dist/tex/generic/oberdiek/kvsetkeys.sty
Package: kvsetkeys 2012/04/25 v1.16 Key value parser (HO)

(/usr/share/texlive/texmf-dist/tex/generic/oberdiek/etexcmds.sty
Package: etexcmds 2011/02/16 v1.5 Avoid name clashes with e-TeX commands (HO)
Package etexcmds Info: Could not find \expanded.
(etexcmds)             That can mean that you are not using pdfTeX 1.50 or
(etexcmds)             that some package has redefined \expanded.
(etexcmds)             In the latter case, load this package earlier.
)))
Package grfext Info: Graphics extension search list:
(grfext)             [.png,.pdf,.jpg,.mps,.jpeg,.jbig2,.jb2,.PNG,.PDF,.JPG,.JPE
G,.JBIG2,.JB2,.eps]
(grfext)             \AppendGraphicsExtensions on input line 452.

(/usr/share/texlive/texmf-dist/tex/latex/latexconfig/epstopdf-sys.cfg
File: epstopdf-sys.cfg 2010/07/13 v1.3 Configuration of (r)epstopdf for TeX Liv
e
))
LaTeX Font Info:    Font shape `OT1/ptm/bx/n' in size <14.4> not available
(Font)              Font shape `OT1/ptm/b/n' tried instead on input line 53.
LaTeX Font Info:    External font `cmex10' loaded for size
(Font)              <12> on input line 53.
LaTeX Font Info:    External font `cmex10' loaded for size
(Font)              <8> on input line 53.
LaTeX Font Info:    External font `cmex10' loaded for size
(Font)              <6> on input line 53.
LaTeX Font Info:    Font shape `OT1/ptm/bx/n' in size <12> not available
(Font)              Font shape `OT1/ptm/b/n' tried instead on input line 53.
Missing character: There is no â in font ptmr7t!
Missing character: There is no € in font ptmr7t!
Missing character: There is no ™ in font ptmr7t!

Underfull \hbox (badness 4156) in paragraph at lines 56--57
\OT1/ptm/m/n/10 Ar-chi-tec-ture shar-ing Dis-tributed File Sys-tems
 []


Underfull \hbox (badness 10000) in paragraph at lines 56--57
\OT1/ptm/m/n/10 (\OT1/ptm/m/it/10 eg.PVFS,NFS,CLUSTER\OT1/ptm/m/n/10 )[] Sil-be
r-schatz, 1994[]
 []


Underfull \hbox (badness 1622) in paragraph at lines 56--57
\OT1/ptm/m/n/10 with the hun-dreds of thou-sands of com-put-ing
 []


Underfull \hbox (badness 1502) in paragraph at lines 56--57
\OT1/ptm/m/n/10 will de-grade the per-for-mance and pro-duc-tiv-ity
 []


Underfull \hbox (badness 2894) in paragraph at lines 56--57
\OT1/ptm/m/n/10 con-tention, and in-crease the pro-duc-tiv-ity and
 []


Underfull \hbox (badness 1533) in paragraph at lines 56--57
\OT1/ptm/m/n/10 per-for-mance. We Per-formed ex-per-i-ment with
 []


Underfull \hbox (badness 4467) in paragraph at lines 56--57
\OT1/ptm/m/n/10 IOR[] IOR-Bennchmark, 2012[][] An-drew Usel-ton,
 []


Underfull \hbox (badness 2073) in paragraph at lines 56--57
\OT1/ptm/m/n/10 duc-tiv-ity and File sys-tem Per-for-mance in the
 []


Underfull \hbox (badness 2865) in paragraph at lines 56--57
\OT1/ptm/m/n/10 OAR[] Capit \OT1/ptm/m/it/10 et al.\OT1/ptm/m/n/10 , 2005[] Bat
ch Sched-uler in
 []

LaTeX Font Info:    Font shape `OT1/ptm/bx/n' in size <10> not available
(Font)              Font shape `OT1/ptm/b/n' tried instead on input line 60.
Missing character: There is no â in font ptmr7t!
Missing character: There is no € in font ptmr7t!
Missing character: There is no ™ in font ptmr7t!
Missing character: There is no â in font ptmr7t!
Missing character: There is no € in font ptmr7t!
Missing character: There is no ™ in font ptmr7t!
[1{/var/lib/texmf/fonts/map/pdftex/updmap/pdftex.map}



]
<CusterArchitecture-exp.jpg, id=9, 684.30656pt x 469.00218pt>
File: CusterArchitecture-exp.jpg Graphic file (type jpg)

<use CusterArchitecture-exp.jpg>
Package pdftex.def Info: CusterArchitecture-exp.jpg used on input line 87.
(pdftex.def)             Requested size: 252.94499pt x 173.35634pt.

Overfull \hbox (9.03374pt too wide) in paragraph at lines 87--89
 [][] 
 []

! Undefined control sequence.
l.90 ...n command is only considering the {\typebf
                                                   Computing nodes} as the r...
The control sequence at the end of the top line
of your error message was never \def'ed. If you have
misspelled it (e.g., `\hobx'), type `I' and the correct
spelling (e.g., `I\hbox'). Otherwise just continue,
and I'll forget about whatever was undefined.

<BandwidthVariationinLine.png, id=10, 413.29407pt x 219.06844pt>
File: BandwidthVariationinLine.png Graphic file (type png)

<use BandwidthVariationinLine.png>
Package pdftex.def Info: BandwidthVariationinLine.png used on input line 94.
(pdftex.def)             Requested size: 252.94499pt x 134.07611pt.

Overfull \hbox (9.03374pt too wide) in paragraph at lines 94--96
 [][] 
 []

! Undefined control sequence.
l.97 ...we choosed for the experiments are \typebf
                                                   { 1) High I/O job run alo...
The control sequence at the end of the top line
of your error message was never \def'ed. If you have
misspelled it (e.g., `\hobx'), type `I' and the correct
spelling (e.g., `I\hbox'). Otherwise just continue,
and I'll forget about whatever was undefined.

<ScatterDiagram.jpg, id=11, 444.91219pt x 238.64156pt>
File: ScatterDiagram.jpg Graphic file (type jpg)

<use ScatterDiagram.jpg>
Package pdftex.def Info: ScatterDiagram.jpg used on input line 101.
(pdftex.def)             Requested size: 252.94499pt x 135.67387pt.

Overfull \hbox (9.03374pt too wide) in paragraph at lines 101--103
 [][] 
 []

<RunningTime-I-O-Contention.jpg, id=12, 448.67625pt x 270.25969pt>
File: RunningTime-I-O-Contention.jpg Graphic file (type jpg)

<use RunningTime-I-O-Contention.jpg>
Package pdftex.def Info: RunningTime-I-O-Contention.jpg used on input line 106.

(pdftex.def)             Requested size: 252.94499pt x 152.35884pt.

Overfull \hbox (9.03374pt too wide) in paragraph at lines 106--108
 [][] 
 []

<IOR-Application-Performance.jpg, id=13, 365.11406pt x 244.66406pt>
File: IOR-Application-Performance.jpg Graphic file (type jpg)

<use IOR-Application-Performance.jpg>
Package pdftex.def Info: IOR-Application-Performance.jpg used on input line 115
.
(pdftex.def)             Requested size: 252.94499pt x 169.49783pt.

Overfull \hbox (9.03374pt too wide) in paragraph at lines 115--117
 [][] 
 []

[2 <./CusterArchitecture-exp.jpg> <./BandwidthVariationinLine.png> <./ScatterDi
agram.jpg>] <IOR-Scatter.jpg, id=17, 347.04657pt x 228.855pt>
File: IOR-Scatter.jpg Graphic file (type jpg)

<use IOR-Scatter.jpg>
Package pdftex.def Info: IOR-Scatter.jpg used on input line 124.
(pdftex.def)             Requested size: 252.94499pt x 166.80783pt.

Overfull \hbox (9.03374pt too wide) in paragraph at lines 124--126
 [][] 
 []

! Undefined control sequence.
l.129 ...ommands with the Virtual Resource \typebf
                                                   {bw (Bandwidth)}. It will...
The control sequence at the end of the top line
of your error message was never \def'ed. If you have
misspelled it (e.g., `\hobx'), type `I' and the correct
spelling (e.g., `I\hbox'). Otherwise just continue,
and I'll forget about whatever was undefined.

<Commands.jpg, id=18, 456.95718pt x 215.30438pt>
File: Commands.jpg Graphic file (type jpg)
 <use Commands.jpg>
Package pdftex.def Info: Commands.jpg used on input line 140.
(pdftex.def)             Requested size: 252.94499pt x 119.17995pt.

Overfull \hbox (9.03374pt too wide) in paragraph at lines 140--142
 [][] 
 []

<Theoretical-Earlier-Scheduling.jpg, id=19, 392.21532pt x 235.63031pt>
File: Theoretical-Earlier-Scheduling.jpg Graphic file (type jpg)

<use Theoretical-Earlier-Scheduling.jpg>
Package pdftex.def Info: Theoretical-Earlier-Scheduling.jpg used on input line 
146.
(pdftex.def)             Requested size: 252.94499pt x 151.9642pt.

Overfull \hbox (9.03374pt too wide) in paragraph at lines 146--148
 [][] 
 []

<New-Scheduling-Good.png, id=20, 519.44063pt x 290.58563pt>
File: New-Scheduling-Good.png Graphic file (type png)

<use New-Scheduling-Good.png>
Package pdftex.def Info: New-Scheduling-Good.png used on input line 151.
(pdftex.def)             Requested size: 252.94499pt x 141.5014pt.

Overfull \hbox (9.03374pt too wide) in paragraph at lines 151--153
 [][] 
 []

[3 <./RunningTime-I-O-Contention.jpg> <./IOR-Application-Performance.jpg>]
[4 <./IOR-Scatter.jpg> <./Commands.jpg> <./Theoretical-Earlier-Scheduling.jpg> 
<./New-Scheduling-Good.png>] (./ijcai11.bbl
Missing character: There is no Ã in font ptmr7t!
Missing character: There is no © in font ptmr7t!
Missing character: There is no Ã in font ptmr7t!
Missing character: There is no © in font ptmr7t!

Underfull \hbox (badness 10000) in paragraph at lines 17--21
[]\OT1/ptm/m/n/10 Docker.  \OT1/ptm/m/it/10 Soft-ware de-vel-oped for de-
 []


Underfull \hbox (badness 10000) in paragraph at lines 17--21
\OT1/ptm/m/it/10 velop,built and De-ploy Dis-tributer ap-pli-ca-tions\OT1/ptm/m
/n/10 .
 []


Underfull \hbox (badness 10000) in paragraph at lines 23--28
[]\OT1/ptm/m/n/10 GRID'5000.  \OT1/ptm/m/it/10 French Na-tional
 []


Underfull \hbox (badness 10000) in paragraph at lines 23--28
\OT1/ptm/m/it/10 Grid test bed\OT1/ptm/m/n/10 .  Alaadin Grid'5000:INRIA Lab,
 []


Underfull \hbox (badness 10000) in paragraph at lines 23--28
\OT1/ptm/m/n/10 http://www.nersc.gov/users/computational-systems/nersc-
 []


Underfull \hbox (badness 10000) in paragraph at lines 23--28
\OT1/ptm/m/n/10 8-system-cori/nersc-8-procurement/trinity-nersc-8-
 []


Underfull \hbox (badness 10000) in paragraph at lines 30--35
\OT1/ptm/m/n/10 systems/nersc-8-system-cori/nersc-8-procurement/trinity-
 []


Underfull \hbox (badness 10000) in paragraph at lines 44--47
[]\OT1/ptm/m/n/10 Pierre Ney-ron Salem Hor-
 []


Underfull \hbox (badness 1043) in paragraph at lines 44--47
\OT1/ptm/m/n/10 rache.  \OT1/ptm/m/it/10 Test OAR Clus-ter in a Docker En-vi-ro
n-ment\OT1/ptm/m/n/10 .
 []

) [5] (build/ijcai11.aux) ) 
Here is how much of TeX's memory you used:
 1686 strings out of 494985
 24480 string characters out of 6180356
 86802 words of memory out of 5000000
 4881 multiletter control sequences out of 15000+600000
 16615 words of font info for 36 fonts, out of 8000000 for 9000
 36 hyphenation exceptions out of 8191
 37i,10n,23p,1186b,242s stack positions out of 5000i,500n,10000p,200000b,80000s
{/usr/share/texlive/texmf-dist/fonts/enc/dvips/base/
8r.enc}</usr/share/texlive/texmf-dist/fonts/type1/urw/times/utmb8a.pfb></usr/sh
are/texlive/texmf-dist/fonts/type1/urw/times/utmr8a.pfb></usr/share/texlive/tex
mf-dist/fonts/type1/urw/times/utmri8a.pfb>
Output written on build/ijcai11.pdf (5 pages, 492362 bytes).
PDF statistics:
 42 PDF objects out of 1000 (max. 8388607)
 22 compressed objects within 1 object stream
 0 named destinations out of 1000 (max. 500000)
 46 words of extra memory for PDF output out of 10000 (max. 10000000)

